<?xml version="1.0" encoding="UTF-8"?>
<!-- Generated by org.testng.reporters.JUnitXMLReporter -->
<testsuite ignored="0" hostname="DESKTOP-BITRVCE" failures="0" tests="4" name="Module1Test" time="42.713" errors="0" timestamp="2022-01-25T17:42:54 IST">
  <testcase classname="TestNGScripts.ParamTest" name="loginTest1" time="8.19"/>
  <testcase classname="TestNGScripts.ParamTest" name="loginTest2" time="7.096"/>
  <testcase classname="TestNGScripts.ParamTest" name="loginTest2" time="5.213"/>
  <testcase classname="TestNGScripts.ParamTest" name="loginTest2" time="7.221"/>
</testsuite> <!-- Module1Test -->
