<?xml version="1.0" encoding="UTF-8"?>
<!-- Generated by org.testng.reporters.JUnitXMLReporter -->
<testsuite ignored="4" hostname="DESKTOP-BITRVCE" failures="0" tests="3" name="Test" time="53.585" errors="0" timestamp="2022-02-15T10:58:09 IST">
  <testcase classname="TestNGScripts.NewTest" name="SeleniumSearchTest" time="32.882"/>
  <testcase classname="TestNGScripts.SampleTest2" name="AppiumSearchTest" time="13.355"/>
  <testcase classname="TestNGScripts.SampleTest2" name="cucumberSearchTest" time="7.208"/>
  <testcase classname="TestNGScripts.NewTest" name="RFWSearchTest" time="0.0">
    <ignored/>
  </testcase> <!-- RFWSearchTest -->
  <testcase classname="TestNGScripts.NewTest" name="JavaSearchTest" time="0.0">
    <ignored/>
  </testcase> <!-- JavaSearchTest -->
  <testcase classname="TestNGScripts.NewTest" name="springSearchTest" time="0.0">
    <ignored/>
  </testcase> <!-- springSearchTest -->
  <testcase classname="TestNGScripts.SampleTest2" name="ThreadTest" time="0.0">
    <ignored/>
  </testcase> <!-- ThreadTest -->
</testsuite> <!-- Test -->
