<?xml version="1.0" encoding="UTF-8"?>
<!-- Generated by org.testng.reporters.JUnitXMLReporter -->
<testsuite ignored="3" hostname="DESKTOP-BITRVCE" failures="0" tests="3" name="Test" time="39.272" errors="0" timestamp="2022-01-25T15:36:45 IST">
  <testcase classname="TestNGScripts.NewTest" name="RFWSearchTest" time="16.206"/>
  <testcase classname="TestNGScripts.NewTest" name="JavaSearchTest" time="14.084"/>
  <testcase classname="TestNGScripts.NewTest" name="springSearchTest" time="8.856"/>
  <testcase classname="TestNGScripts.NewTest" name="SeleniumSearchTest" time="0.0">
    <ignored/>
  </testcase> <!-- SeleniumSearchTest -->
  <testcase classname="TestNGScripts.SampleTest2" name="cucumberSearchTest" time="0.0">
    <ignored/>
  </testcase> <!-- cucumberSearchTest -->
  <testcase classname="TestNGScripts.SampleTest2" name="AppiumSearchTest" time="0.0">
    <ignored/>
  </testcase> <!-- AppiumSearchTest -->
</testsuite> <!-- Test -->
