<?xml version="1.0" encoding="UTF-8"?>
<!-- Generated by org.testng.reporters.JUnitXMLReporter -->
<testsuite ignored="0" hostname="DESKTOP-BITRVCE" failures="0" tests="4" name="Test" time="37.609" errors="0" timestamp="2022-01-24T17:46:43 IST">
  <testcase classname="TestNGScripts.NewTest" name="JavaSearchTest" time="6.862"/>
  <testcase classname="TestNGScripts.NewTest" name="SeleniumSearchTest" time="5.084"/>
  <testcase classname="TestNGScripts.SampleTest2" name="AppiumSearchTest" time="5.972"/>
  <testcase classname="TestNGScripts.SampleTest2" name="cucumberSearchTest" time="4.705"/>
</testsuite> <!-- Test -->
