<?xml version="1.0" encoding="UTF-8"?>
<!-- Generated by org.testng.reporters.JUnitXMLReporter -->
<testsuite ignored="4" hostname="DESKTOP-BITRVCE" failures="0" tests="3" name="Test" time="32.173" errors="0" timestamp="2022-02-19T20:29:18 IST">
  <testcase classname="TestNGScripts.NewTest" name="SeleniumSearchTest" time="15.476"/>
  <testcase classname="TestNGScripts.SampleTest2" name="AppiumSearchTest" time="9.119"/>
  <testcase classname="TestNGScripts.SampleTest2" name="cucumberSearchTest" time="7.477"/>
  <testcase classname="TestNGScripts.SampleTest2" name="ThreadTest" time="0.0">
    <ignored/>
  </testcase> <!-- ThreadTest -->
  <testcase classname="TestNGScripts.NewTest" name="JavaSearchTest" time="0.0">
    <ignored/>
  </testcase> <!-- JavaSearchTest -->
  <testcase classname="TestNGScripts.NewTest" name="RFWSearchTest" time="0.0">
    <ignored/>
  </testcase> <!-- RFWSearchTest -->
  <testcase classname="TestNGScripts.NewTest" name="springSearchTest" time="0.0">
    <ignored/>
  </testcase> <!-- springSearchTest -->
</testsuite> <!-- Test -->
