<?xml version="1.0" encoding="UTF-8"?>
<!-- Generated by org.testng.reporters.JUnitXMLReporter -->
<testsuite ignored="1" hostname="DESKTOP-BITRVCE" failures="0" tests="1" name="Test(failed)" time="14.037" errors="0" timestamp="2022-01-24T16:45:53 IST">
  <testcase classname="TestNGScripts.NewTest" name="SeleniumSearchTest" time="6.329"/>
  <testcase classname="TestNGScripts.NewTest" name="JavaSearchTest" time="0.0">
    <ignored/>
  </testcase> <!-- JavaSearchTest -->
</testsuite> <!-- Test(failed) -->
