<?xml version="1.0" encoding="UTF-8"?>
<testng-results ignored="4" total="7" passed="3" failed="0" skipped="0">
  <reporter-output>
  </reporter-output>
  <suite started-at="2022-02-19T20:28:46 IST" name="Suite" finished-at="2022-02-19T20:29:18 IST" duration-ms="32173">
    <groups>
      <group name="feature3">
        <method signature="SampleTest2.cucumberSearchTest()[pri:0, instance:TestNGScripts.SampleTest2@209da20d]" name="cucumberSearchTest" class="TestNGScripts.SampleTest2"/>
      </group> <!-- feature3 -->
      <group name="feature1">
        <method signature="SampleTest2.AppiumSearchTest()[pri:0, instance:TestNGScripts.SampleTest2@209da20d]" name="AppiumSearchTest" class="TestNGScripts.SampleTest2"/>
        <method signature="NewTest.SeleniumSearchTest()[pri:2, instance:TestNGScripts.NewTest@18d87d80]" name="SeleniumSearchTest" class="TestNGScripts.NewTest"/>
      </group> <!-- feature1 -->
    </groups>
    <test started-at="2022-02-19T20:28:46 IST" name="Test" finished-at="2022-02-19T20:29:18 IST" duration-ms="32173">
      <class name="TestNGScripts.SampleTest2">
        <test-method signature="AppiumSearchTest()[pri:0, instance:TestNGScripts.SampleTest2@209da20d]" started-at="2022-02-19T20:29:02 IST" name="AppiumSearchTest" finished-at="2022-02-19T20:29:11 IST" duration-ms="9119" status="PASS">
          <reporter-output>
          </reporter-output>
        </test-method> <!-- AppiumSearchTest -->
        <test-method signature="cucumberSearchTest()[pri:0, instance:TestNGScripts.SampleTest2@209da20d]" started-at="2022-02-19T20:29:11 IST" name="cucumberSearchTest" finished-at="2022-02-19T20:29:18 IST" duration-ms="7477" status="PASS">
          <reporter-output>
          </reporter-output>
        </test-method> <!-- cucumberSearchTest -->
      </class> <!-- TestNGScripts.SampleTest2 -->
      <class name="TestNGScripts.NewTest">
        <test-method signature="SeleniumSearchTest()[pri:2, instance:TestNGScripts.NewTest@18d87d80]" started-at="2022-02-19T20:28:46 IST" name="SeleniumSearchTest" finished-at="2022-02-19T20:29:01 IST" duration-ms="15476" status="PASS">
          <reporter-output>
          </reporter-output>
        </test-method> <!-- SeleniumSearchTest -->
      </class> <!-- TestNGScripts.NewTest -->
    </test> <!-- Test -->
  </suite> <!-- Suite -->
</testng-results>
