<?xml version="1.0" encoding="UTF-8"?>
<testng-results ignored="0" total="4" passed="4" failed="0" skipped="0">
  <reporter-output>
  </reporter-output>
  <suite started-at="2022-01-24T17:46:06 IST" name="Suite" finished-at="2022-01-24T17:46:43 IST" duration-ms="37609">
    <groups>
    </groups>
    <test started-at="2022-01-24T17:46:06 IST" name="Test" finished-at="2022-01-24T17:46:43 IST" duration-ms="37609">
      <class name="TestNGScripts.SampleTest2">
        <test-method is-config="true" signature="setUp()[pri:0, instance:TestNGScripts.SampleTest2@1af2d44a]" started-at="2022-01-24T17:46:16 IST" name="setUp" finished-at="2022-01-24T17:46:19 IST" duration-ms="2928" status="PASS">
          <reporter-output>
          </reporter-output>
        </test-method> <!-- setUp -->
        <test-method signature="AppiumSearchTest()[pri:0, instance:TestNGScripts.SampleTest2@1af2d44a]" started-at="2022-01-24T17:46:31 IST" name="AppiumSearchTest" finished-at="2022-01-24T17:46:37 IST" duration-ms="5972" status="PASS">
          <reporter-output>
          </reporter-output>
        </test-method> <!-- AppiumSearchTest -->
        <test-method signature="cucumberSearchTest()[pri:0, instance:TestNGScripts.SampleTest2@1af2d44a]" started-at="2022-01-24T17:46:37 IST" name="cucumberSearchTest" finished-at="2022-01-24T17:46:41 IST" duration-ms="4705" status="PASS">
          <reporter-output>
          </reporter-output>
        </test-method> <!-- cucumberSearchTest -->
        <test-method is-config="true" signature="teardown()[pri:0, instance:TestNGScripts.SampleTest2@1af2d44a]" started-at="2022-01-24T17:46:42 IST" name="teardown" finished-at="2022-01-24T17:46:43 IST" duration-ms="939" status="PASS">
          <reporter-output>
          </reporter-output>
        </test-method> <!-- teardown -->
      </class> <!-- TestNGScripts.SampleTest2 -->
      <class name="TestNGScripts.NewTest">
        <test-method is-config="true" signature="setUp()[pri:0, instance:TestNGScripts.NewTest@a530d0a]" started-at="2022-01-24T17:46:06 IST" name="setUp" finished-at="2022-01-24T17:46:16 IST" duration-ms="10014" status="PASS">
          <reporter-output>
          </reporter-output>
        </test-method> <!-- setUp -->
        <test-method signature="JavaSearchTest()[pri:0, instance:TestNGScripts.NewTest@a530d0a]" started-at="2022-01-24T17:46:19 IST" name="JavaSearchTest" finished-at="2022-01-24T17:46:26 IST" duration-ms="6862" status="PASS">
          <reporter-output>
          </reporter-output>
        </test-method> <!-- JavaSearchTest -->
        <test-method signature="SeleniumSearchTest()[pri:0, instance:TestNGScripts.NewTest@a530d0a]" started-at="2022-01-24T17:46:26 IST" name="SeleniumSearchTest" finished-at="2022-01-24T17:46:31 IST" duration-ms="5084" status="PASS">
          <reporter-output>
          </reporter-output>
        </test-method> <!-- SeleniumSearchTest -->
        <test-method is-config="true" signature="teardown()[pri:0, instance:TestNGScripts.NewTest@a530d0a]" started-at="2022-01-24T17:46:41 IST" name="teardown" finished-at="2022-01-24T17:46:42 IST" duration-ms="957" status="PASS">
          <reporter-output>
          </reporter-output>
        </test-method> <!-- teardown -->
      </class> <!-- TestNGScripts.NewTest -->
    </test> <!-- Test -->
  </suite> <!-- Suite -->
</testng-results>
