<?xml version="1.0" encoding="UTF-8"?>
<testng-results ignored="0" total="2" passed="2" failed="0" skipped="0">
  <reporter-output>
  </reporter-output>
  <suite started-at="2022-01-27T15:08:58 IST" name="Default suite" finished-at="2022-01-27T15:09:23 IST" duration-ms="25601">
    <groups>
    </groups>
    <test started-at="2022-01-27T15:08:58 IST" name="Default test" finished-at="2022-01-27T15:09:23 IST" duration-ms="25601">
      <class name="TestNGScripts.ExtentReportTest">
        <test-method is-config="true" signature="setUpRport()[pri:0, instance:TestNGScripts.ExtentReportTest@272113c4]" started-at="2022-01-27T15:08:58 IST" name="setUpRport" finished-at="2022-01-27T15:08:59 IST" duration-ms="1120" status="PASS">
          <reporter-output>
          </reporter-output>
        </test-method> <!-- setUpRport -->
        <test-method is-config="true" signature="setUp()[pri:0, instance:TestNGScripts.ExtentReportTest@272113c4]" started-at="2022-01-27T15:08:59 IST" name="setUp" finished-at="2022-01-27T15:09:06 IST" duration-ms="6852" status="PASS">
          <reporter-output>
          </reporter-output>
        </test-method> <!-- setUp -->
        <test-method signature="MovieSearchTest()[pri:0, instance:TestNGScripts.ExtentReportTest@272113c4]" started-at="2022-01-27T15:09:06 IST" name="MovieSearchTest" finished-at="2022-01-27T15:09:12 IST" duration-ms="6303" status="PASS">
          <reporter-output>
          </reporter-output>
        </test-method> <!-- MovieSearchTest -->
        <test-method is-config="true" signature="teardown()[pri:0, instance:TestNGScripts.ExtentReportTest@272113c4]" started-at="2022-01-27T15:09:12 IST" name="teardown" finished-at="2022-01-27T15:09:13 IST" duration-ms="639" status="PASS">
          <reporter-output>
          </reporter-output>
        </test-method> <!-- teardown -->
        <test-method is-config="true" signature="setUp()[pri:0, instance:TestNGScripts.ExtentReportTest@272113c4]" started-at="2022-01-27T15:09:13 IST" name="setUp" finished-at="2022-01-27T15:09:15 IST" duration-ms="2525" status="PASS">
          <reporter-output>
          </reporter-output>
        </test-method> <!-- setUp -->
        <test-method signature="ReportSearchTest()[pri:0, instance:TestNGScripts.ExtentReportTest@272113c4]" started-at="2022-01-27T15:09:15 IST" name="ReportSearchTest" finished-at="2022-01-27T15:09:22 IST" duration-ms="6329" status="PASS">
          <reporter-output>
          </reporter-output>
        </test-method> <!-- ReportSearchTest -->
        <test-method is-config="true" signature="teardown()[pri:0, instance:TestNGScripts.ExtentReportTest@272113c4]" started-at="2022-01-27T15:09:22 IST" name="teardown" finished-at="2022-01-27T15:09:22 IST" duration-ms="396" status="PASS">
          <reporter-output>
          </reporter-output>
        </test-method> <!-- teardown -->
        <test-method is-config="true" signature="finishReports()[pri:0, instance:TestNGScripts.ExtentReportTest@272113c4]" started-at="2022-01-27T15:09:22 IST" name="finishReports" finished-at="2022-01-27T15:09:23 IST" duration-ms="1323" status="PASS">
          <reporter-output>
          </reporter-output>
        </test-method> <!-- finishReports -->
      </class> <!-- TestNGScripts.ExtentReportTest -->
    </test> <!-- Default test -->
  </suite> <!-- Default suite -->
</testng-results>
