<?xml version="1.0" encoding="UTF-8"?>
<testng-results ignored="4" total="7" passed="3" failed="0" skipped="0">
  <reporter-output>
  </reporter-output>
  <suite started-at="2022-02-15T10:57:16 IST" name="Suite" finished-at="2022-02-15T10:58:09 IST" duration-ms="53585">
    <groups>
      <group name="feature3">
        <method signature="SampleTest2.cucumberSearchTest()[pri:0, instance:TestNGScripts.SampleTest2@d9345cd]" name="cucumberSearchTest" class="TestNGScripts.SampleTest2"/>
      </group> <!-- feature3 -->
      <group name="feature1">
        <method signature="NewTest.SeleniumSearchTest()[pri:2, instance:TestNGScripts.NewTest@21282ed8]" name="SeleniumSearchTest" class="TestNGScripts.NewTest"/>
        <method signature="SampleTest2.AppiumSearchTest()[pri:0, instance:TestNGScripts.SampleTest2@d9345cd]" name="AppiumSearchTest" class="TestNGScripts.SampleTest2"/>
      </group> <!-- feature1 -->
    </groups>
    <test started-at="2022-02-15T10:57:16 IST" name="Test" finished-at="2022-02-15T10:58:09 IST" duration-ms="53585">
      <class name="TestNGScripts.SampleTest2">
        <test-method signature="AppiumSearchTest()[pri:0, instance:TestNGScripts.SampleTest2@d9345cd]" started-at="2022-02-15T10:57:49 IST" name="AppiumSearchTest" finished-at="2022-02-15T10:58:02 IST" duration-ms="13355" status="PASS">
          <reporter-output>
          </reporter-output>
        </test-method> <!-- AppiumSearchTest -->
        <test-method signature="cucumberSearchTest()[pri:0, instance:TestNGScripts.SampleTest2@d9345cd]" started-at="2022-02-15T10:58:02 IST" name="cucumberSearchTest" finished-at="2022-02-15T10:58:09 IST" duration-ms="7208" status="PASS">
          <reporter-output>
          </reporter-output>
        </test-method> <!-- cucumberSearchTest -->
      </class> <!-- TestNGScripts.SampleTest2 -->
      <class name="TestNGScripts.NewTest">
        <test-method signature="SeleniumSearchTest()[pri:2, instance:TestNGScripts.NewTest@21282ed8]" started-at="2022-02-15T10:57:16 IST" name="SeleniumSearchTest" finished-at="2022-02-15T10:57:49 IST" duration-ms="32882" status="PASS">
          <reporter-output>
          </reporter-output>
        </test-method> <!-- SeleniumSearchTest -->
      </class> <!-- TestNGScripts.NewTest -->
    </test> <!-- Test -->
  </suite> <!-- Suite -->
</testng-results>
